pygame 2.0.1 (SDL 2.0.14, Python 3.9.7)
Hello from the pygame community. https://www.pygame.org/contribute.html
3it [00:00, 29.70it/s]
initial setup complete






238it [00:12, 19.76it/s]
7.499999999999989
7.899999999999988
8.299999999999986
8.599999999999985
8.699999999999985
8.999999999999984
9.099999999999984
9.299999999999983
9.599999999999982
9.699999999999982
9.799999999999981
10.19999999999998
10.399999999999979

280it [00:14, 20.97it/s]
10.799999999999978
10.999999999999977
11.199999999999976
11.199999999999976
11.399999999999975
11.699999999999974

322it [00:16, 20.61it/s]
12.599999999999971
12.99999999999997
13.09999999999997
13.399999999999968
13.699999999999967
13.899999999999967

364it [00:18, 20.68it/s]
14.099999999999966
14.399999999999965
14.799999999999963
15.499999999999961
15.59999999999996
15.79999999999996

406it [00:20, 20.99it/s]
16.19999999999996
16.29999999999996
16.499999999999964
16.79999999999997
16.89999999999997


490it [00:24, 20.54it/s]
17.099999999999973
17.49999999999998
17.69999999999998
17.799999999999983
17.999999999999986
18.099999999999987

520it [00:25, 20.73it/s]
18.799999999999997
19.200000000000003
19.60000000000001
19.70000000000001
19.900000000000013
20.200000000000017

562it [00:27, 20.49it/s]
20.600000000000023
20.900000000000027
21.300000000000033
21.500000000000036
22.000000000000043
22.40000000000005

604it [00:29, 21.02it/s]
22.900000000000055
23.20000000000006
23.400000000000063
23.700000000000067
23.90000000000007
24.100000000000072
24.200000000000074
24.500000000000078
24.800000000000082
25.100000000000087
25.500000000000092
25.900000000000098
26.200000000000102

646it [00:31, 21.03it/s]
26.600000000000108
27.000000000000114
27.300000000000118
27.600000000000122
27.800000000000125
28.20000000000013

688it [00:33, 20.82it/s]
28.80000000000014
28.90000000000014
29.200000000000145
29.60000000000015
29.900000000000155
30.100000000000158

730it [00:35, 20.71it/s]
30.700000000000166
31.100000000000172
31.500000000000178
31.900000000000183
32.30000000000019
32.700000000000195
32.800000000000196


814it [00:39, 20.83it/s]
33.1000000000002
33.400000000000205
33.70000000000021
33.80000000000021
34.100000000000215

856it [00:41, 20.39it/s]
34.70000000000022
34.900000000000226
35.500000000000234
36.10000000000024
36.50000000000025
36.80000000000025

898it [00:43, 20.32it/s]
37.30000000000026
37.600000000000264
38.00000000000027
38.20000000000027
38.50000000000028
38.70000000000028

940it [00:45, 20.97it/s]
39.40000000000029
39.800000000000296
40.0000000000003
40.3000000000003
40.60000000000031
40.70000000000031

982it [00:47, 20.40it/s]
41.100000000000314
41.50000000000032
41.70000000000032
42.20000000000033
42.600000000000335
42.90000000000034

1024it [00:49, 20.50it/s]
43.200000000000344
43.300000000000345
43.40000000000035
43.60000000000035

1063it [00:51, 21.10it/s]
44.000000000000355
44.10000000000036
44.30000000000036
44.40000000000036
44.700000000000365
45.00000000000037

1108it [00:53, 20.61it/s]
45.400000000000375
45.60000000000038
45.80000000000038
46.000000000000384
46.30000000000039
46.700000000000394

1150it [00:55, 20.94it/s]
47.0000000000004
47.2000000000004
47.3000000000004
47.400000000000404
47.500000000000405
47.500000000000405

1192it [00:57, 20.14it/s]
48.00000000000041
48.10000000000041
48.50000000000042
48.900000000000425
49.000000000000426
49.40000000000043
49.600000000000435
49.90000000000044
50.00000000000044
50.10000000000044
50.20000000000044
50.300000000000445
50.300000000000445


1276it [01:01, 20.99it/s]
50.90000000000045
51.40000000000046
51.800000000000466
51.800000000000466
52.00000000000047
52.10000000000047
52.20000000000047
52.20000000000047
52.400000000000475
52.60000000000048
52.70000000000048
52.90000000000048
53.100000000000485

1318it [01:03, 20.95it/s]
53.50000000000049
53.50000000000049
1333it [01:04, 21.47it/s]Traceback (most recent call last):
  File "c:\Programming\rl_cooperation\Pygame_RL_cooperation\Algorithm\DQN_SpaceCannons\agent.PY", line 202, in main
    observation, reward, done, info = env.step([action1,action2])
  File "c:\Programming\rl_cooperation\Pygame_RL_cooperation\Algorithm\DQN_SpaceCannons\utils.py", line 27, in step
    image, reward, done,  info = self.env.step(action)
  File "c:\programming\rl_cooperation\pygame_rl_cooperation\spacecannons\SpaceCannons\envs\SpaceCannons.py", line 330, in step
    self.render(self.difficulty_weights)
  File "c:\programming\rl_cooperation\pygame_rl_cooperation\spacecannons\SpaceCannons\envs\SpaceCannons.py", line 354, in render
    clock.tick(30)
KeyboardInterrupt
During handling of the above exception, another exception occurred:
Traceback (most recent call last):
  File "C:\Users\Shizu\AppData\Local\Programs\Python\Python39\lib\runpy.py", line 197, in _run_module_as_main
    return _run_code(code, main_globals, None,
  File "C:\Users\Shizu\AppData\Local\Programs\Python\Python39\lib\runpy.py", line 87, in _run_code
    exec(code, run_globals)
  File "c:\Users\Shizu\.vscode\extensions\ms-python.python-2021.9.1218897484\pythonFiles\lib\python\debugpy\__main__.py", line 45, in <module>
    cli.main()
  File "c:\Users\Shizu\.vscode\extensions\ms-python.python-2021.9.1218897484\pythonFiles\lib\python\debugpy/..\debugpy\server\cli.py", line 444, in main
    run()
  File "c:\Users\Shizu\.vscode\extensions\ms-python.python-2021.9.1218897484\pythonFiles\lib\python\debugpy/..\debugpy\server\cli.py", line 285, in run_file
    runpy.run_path(target_as_str, run_name=compat.force_str("__main__"))
  File "C:\Users\Shizu\AppData\Local\Programs\Python\Python39\lib\runpy.py", line 268, in run_path
    return _run_module_code(code, init_globals, run_name,
  File "C:\Users\Shizu\AppData\Local\Programs\Python\Python39\lib\runpy.py", line 97, in _run_module_code
    _run_code(code, mod_globals, init_globals,
  File "C:\Users\Shizu\AppData\Local\Programs\Python\Python39\lib\runpy.py", line 87, in _run_code
    exec(code, run_globals)
  File "c:\Programming\rl_cooperation\Pygame_RL_cooperation\Algorithm\DQN_SpaceCannons\agent.PY", line 315, in <module>
    main(False)
  File "c:\Programming\rl_cooperation\Pygame_RL_cooperation\Algorithm\DQN_SpaceCannons\agent.PY", line 309, in main
    env.close()
AttributeError: 'FramestackingENV' object has no attribute 'close'