Traceback (most recent call last):
  File "C:\Programming\rl_cooperation\lib\site-packages\gym\envs\registration.py", line 109, in spec
    importlib.import_module(mod_name)
  File "C:\Program Files\Python39\lib\importlib\__init__.py", line 127, in import_module
    return _bootstrap._gcd_import(name[level:], package, level)
  File "<frozen importlib._bootstrap>", line 1030, in _gcd_import
  File "<frozen importlib._bootstrap>", line 1007, in _find_and_load
  File "<frozen importlib._bootstrap>", line 984, in _find_and_load_unlocked
ModuleNotFoundError: No module named 'SpaceCannon'
During handling of the above exception, another exception occurred:
Traceback (most recent call last):
  File "c:\Programming\rl_cooperation\Pygame_RL_cooperation\Algorithm\DQN_SpaceCannons\agent.PY", line 306, in <module>
    main(False)
  File "c:\Programming\rl_cooperation\Pygame_RL_cooperation\Algorithm\DQN_SpaceCannons\agent.PY", line 103, in main
    env = gym.make("SpaceCannon:SpaceCannon-v2")
  File "C:\Programming\rl_cooperation\lib\site-packages\gym\envs\registration.py", line 145, in make
    return registry.make(id, **kwargs)
  File "C:\Programming\rl_cooperation\lib\site-packages\gym\envs\registration.py", line 89, in make
    spec = self.spec(path)
  File "C:\Programming\rl_cooperation\lib\site-packages\gym\envs\registration.py", line 112, in spec
    raise error.Error('A module ({}) was specified for the environment but was not found, make sure the package is installed with `pip install` before calling `gym.make()`'.format(mod_name))
gym.error.Error: A module (SpaceCannon) was specified for the environment but was not found, make sure the package is installed with `pip install` before calling `gym.make()`