pygame 2.0.1 (SDL 2.0.14, Python 3.9.7)
Hello from the pygame community. https://www.pygame.org/contribute.html
initial setup complete
initial setup complete
9.099999999999984
9.399999999999983
9.599999999999982
9.699999999999982
10.19999999999998
10.599999999999978
10.799999999999978
11.099999999999977
11.299999999999976
11.399999999999975
11.699999999999974
11.999999999999973
12.399999999999972
12.69999999999997
12.99999999999997
13.199999999999969
13.299999999999969
13.699999999999967
13.899999999999967
14.099999999999966
14.299999999999965
14.399999999999965
14.899999999999963
15.199999999999962
15.499999999999961
15.499999999999961
15.59999999999996
15.69999999999996
15.79999999999996
15.79999999999996
16.09999999999996
16.399999999999963
16.599999999999966
16.599999999999966
16.599999999999966
16.79999999999997
16.89999999999997
17.099999999999973
17.099999999999973
17.299999999999976
17.59999999999998
17.799999999999983
18.099999999999987
18.29999999999999
18.599999999999994
18.9
19.400000000000006
19.60000000000001
19.80000000000001
19.900000000000013
20.100000000000016
20.40000000000002
20.50000000000002
21.00000000000003
21.20000000000003
21.500000000000036
21.70000000000004
21.90000000000004
22.000000000000043
22.40000000000005
22.50000000000005
22.60000000000005
22.800000000000054
23.000000000000057
23.10000000000006
23.10000000000006
23.20000000000006
23.400000000000063
23.800000000000068
24.400000000000077
24.70000000000008
25.000000000000085
25.200000000000088
25.600000000000094
25.900000000000098
26.300000000000104
26.70000000000011
27.200000000000117
27.800000000000125
28.400000000000134
28.80000000000014
29.000000000000142
29.400000000000148
29.700000000000152
29.700000000000152
29.700000000000152
30.000000000000156
30.100000000000158
30.30000000000016
30.30000000000016
30.30000000000016
30.400000000000162
30.90000000000017
31.200000000000173
31.300000000000175
31.60000000000018
31.800000000000182
32.100000000000186
32.20000000000019
32.30000000000019
32.30000000000019
32.9000000000002
33.0000000000002
33.400000000000205
34.00000000000021
34.30000000000022
34.60000000000022
35.00000000000023
35.30000000000023
35.600000000000236
35.80000000000024
36.300000000000246
36.60000000000025
36.900000000000254
37.000000000000256
37.10000000000026
37.40000000000026
37.600000000000264
38.10000000000027
38.300000000000274
38.80000000000028
39.100000000000286
39.60000000000029
39.9000000000003
40.1000000000003
40.2000000000003
40.3000000000003
40.500000000000306
40.90000000000031
41.100000000000314
41.100000000000314
41.100000000000314
41.200000000000315
41.200000000000315
41.30000000000032
41.60000000000032
42.10000000000033
42.30000000000033
42.600000000000335
42.70000000000034
43.10000000000034
43.50000000000035
43.60000000000035
44.20000000000036
44.40000000000036
44.80000000000037
45.10000000000037
45.70000000000038
46.100000000000385
46.40000000000039
46.800000000000395
46.9000000000004
47.2000000000004
47.500000000000405
47.600000000000406
47.90000000000041
48.00000000000041
48.200000000000415
48.40000000000042
48.70000000000042
49.10000000000043
49.50000000000043
49.700000000000436
49.90000000000044
50.00000000000044
50.00000000000044
50.20000000000044
50.300000000000445
50.50000000000045
50.90000000000045
51.100000000000456
51.700000000000465
51.90000000000047
52.20000000000047
52.30000000000047
52.500000000000476
52.80000000000048
53.100000000000485
53.60000000000049
54.0000000000005
54.2000000000005
54.3000000000005
54.4000000000005
54.70000000000051
54.90000000000051
55.10000000000051
55.50000000000052
55.50000000000052
55.80000000000052
55.900000000000524
56.20000000000053
56.600000000000534
56.90000000000054
57.00000000000054
57.00000000000054
57.00000000000054
57.400000000000546
57.60000000000055
57.80000000000055
58.20000000000056
58.50000000000056
58.800000000000566
59.00000000000057
59.20000000000057
59.500000000000576
59.70000000000058
59.90000000000058
60.00000000000058
60.100000000000584
60.30000000000059
60.60000000000059
60.900000000000595
61.1000000000006
61.4000000000006
61.90000000000061
62.10000000000061
62.300000000000615
62.70000000000062
62.900000000000624
63.20000000000063
63.50000000000063
64.00000000000064
64.40000000000062
64.6000000000006
64.8000000000006
65.10000000000058
65.30000000000057
65.60000000000055
65.80000000000054
65.80000000000054
65.80000000000054
66.20000000000051
66.60000000000049
67.20000000000046
67.50000000000044
67.70000000000043
68.1000000000004
68.40000000000039
68.70000000000037
69.10000000000035
69.30000000000034
69.50000000000033
69.60000000000032
69.80000000000031
70.10000000000029
70.30000000000028
70.70000000000026
71.00000000000024
71.40000000000022
71.7000000000002
72.00000000000018
72.10000000000018
72.30000000000017
72.70000000000014
73.20000000000012
1729it [01:18, 22.46it/s]Traceback (most recent call last):
  File "c:\Programming\rl_cooperation\Pygame_RL_cooperation\Algorithm\DQN_SpaceCannons\agent.PY", line 202, in main
    observation, reward, done, info = env.step([action1,action2])
  File "c:\Programming\rl_cooperation\Pygame_RL_cooperation\Algorithm\DQN_SpaceCannons\utils.py", line 27, in step
    image, reward, done,  info = self.env.step(action)
  File "c:\programming\rl_cooperation\pygame_rl_cooperation\spacecannons\SpaceCannons\envs\SpaceCannons.py", line 330, in step
    self.render(self.difficulty_weights)
  File "c:\programming\rl_cooperation\pygame_rl_cooperation\spacecannons\SpaceCannons\envs\SpaceCannons.py", line 342, in render
    self.sprit_group.update(self.screen)
  File "C:\Programming\rl_cooperation\lib\site-packages\pygame\sprite.py", line 531, in update
    sprite.update(*args, **kwargs)
  File "c:\programming\rl_cooperation\pygame_rl_cooperation\spacecannons\SpaceCannons\envs\Game\players.py", line 48, in update
    imagex = pygame.transform.rotozoom(self.image, self.angle,1)
KeyboardInterrupt
During handling of the above exception, another exception occurred:
Traceback (most recent call last):
  File "c:\Programming\rl_cooperation\Pygame_RL_cooperation\Algorithm\DQN_SpaceCannons\agent.PY", line 315, in <module>
    main(False)
  File "c:\Programming\rl_cooperation\Pygame_RL_cooperation\Algorithm\DQN_SpaceCannons\agent.PY", line 309, in main
    env.close()
AttributeError: 'FramestackingENV' object has no attribute 'close'