pygame 2.0.1 (SDL 2.0.14, Python 3.9.7)
Hello from the pygame community. https://www.pygame.org/contribute.html
initial setup complete
initial setup complete
75.00000000000001
75.2
75.59999999999998
75.89999999999996
75.89999999999996
75.89999999999996
75.99999999999996
75.99999999999996
76.09999999999995
76.39999999999993
76.59999999999992
76.69999999999992
76.8999999999999
77.0999999999999
77.19999999999989
77.49999999999987
77.59999999999987
77.99999999999984
78.29999999999983
78.49999999999982
78.59999999999981
78.89999999999979
79.09999999999978
79.29999999999977
79.39999999999976
79.49999999999976
79.69999999999975
79.99999999999973
80.19999999999972
80.4999999999997
80.69999999999969
80.89999999999968
80.99999999999967
81.29999999999966
81.49999999999964
81.49999999999964
81.79999999999963
82.1999999999996
82.49999999999959
82.69999999999958
82.99999999999956
83.09999999999955
83.09999999999955
83.19999999999955
83.39999999999954
83.59999999999953
83.79999999999951
84.0999999999995
84.39999999999948
84.59999999999947
84.59999999999947
84.69999999999946
84.99999999999945
85.19999999999943
85.49999999999942
85.6999999999994
86.09999999999938
86.49999999999936
86.79999999999934
87.09999999999933
87.39999999999931
87.4999999999993
87.69999999999929
88.09999999999927
88.79999999999923
89.1999999999992
89.59999999999918
89.99999999999916
90.19999999999915
90.39999999999914
90.49999999999913
90.69999999999912
90.89999999999911
90.9999999999991
91.0999999999991
91.39999999999908
91.69999999999906
91.99999999999905
92.09999999999904
92.29999999999903
92.39999999999903
92.49999999999902
92.799999999999
93.09999999999899
93.59999999999896
93.89999999999894
93.99999999999893
94.09999999999893
94.09999999999893
94.09999999999893
94.4999999999989
94.6999999999989
94.6999999999989
95.09999999999887
95.29999999999886
95.49999999999885
95.49999999999885
95.79999999999883
95.89999999999883
95.99999999999882
95.99999999999882
96.09999999999881
96.2999999999988
96.2999999999988
96.49999999999879
96.89999999999877
97.09999999999876
97.49999999999874
97.89999999999871
97.9999999999987
97.9999999999987
97.9999999999987
98.1999999999987
98.59999999999867
98.89999999999866
98.99999999999865
99.19999999999864
99.29999999999863
99.59999999999862
99.69999999999861
99.69999999999861
100.09999999999859
100.29999999999858
100.49999999999856
100.89999999999854
101.39999999999851
101.89999999999849
102.19999999999847
102.49999999999845
102.79999999999843
103.09999999999842
103.3999999999984
103.79999999999838
104.29999999999835
104.69999999999833
104.89999999999831
105.1999999999983
105.49999999999828
105.79999999999826
105.99999999999825
106.09999999999825
106.09999999999825
106.09999999999825
106.09999999999825
106.19999999999824
106.49999999999822
106.8999999999982
106.9999999999982
107.29999999999818
107.59999999999816
107.99999999999814
108.29999999999812
108.49999999999811
108.7999999999981
108.89999999999809
109.29999999999806
109.29999999999806
109.69999999999804
109.89999999999803
110.19999999999801
110.19999999999801
110.499999999998
110.79999999999798
110.89999999999797
110.99999999999797
111.09999999999796
111.39999999999795
111.49999999999794
111.59999999999793
111.79999999999792
112.1999999999979
112.59999999999788
112.89999999999786
113.19999999999784
113.79999999999781
114.19999999999779
114.39999999999777
114.59999999999776
114.89999999999775
115.19999999999773
115.39999999999772
115.7999999999977
116.19999999999767
116.49999999999766
116.79999999999764
117.19999999999762
117.29999999999761
117.3999999999976
117.59999999999759
117.69999999999759
117.89999999999758
118.19999999999756
118.39999999999755
118.69999999999753
118.99999999999751
119.2999999999975
119.2999999999975
119.39999999999749
119.59999999999748
119.59999999999748
119.69999999999747
119.79999999999747
119.79999999999747
119.99999999999746
119.99999999999746
119.99999999999746
120.19999999999744
120.19999999999744
120.19999999999744
120.29999999999744
120.49999999999743
120.59999999999742
120.79999999999741
120.79999999999741
120.79999999999741
120.8999999999974
120.9999999999974
121.39999999999738
121.49999999999737
121.49999999999737
121.79999999999735
122.09999999999734
122.39999999999732
122.6999999999973
123.19999999999727
123.59999999999725
123.89999999999723
124.19999999999722
124.29999999999721
124.3999999999972
124.5999999999972
125.09999999999717
125.39999999999715
125.39999999999715
125.39999999999715
125.49999999999714
125.59999999999714
125.89999999999712
125.99999999999712
126.09999999999711
126.49999999999709
126.79999999999707
127.09999999999705
127.39999999999704
127.69999999999702
127.999999999997
128.199999999997
128.399999999997
128.79999999999697
129.29999999999694
129.49999999999693
129.69999999999692
129.7999999999969
130.39999999999688
130.79999999999686
130.99999999999685
131.19999999999683
131.29999999999683
131.39999999999682
131.49999999999682
131.6999999999968
131.8999999999968
132.19999999999678
132.49999999999676
132.99999999999673
133.3999999999967
133.5999999999967
133.89999999999668
134.39999999999665
134.99999999999662
135.2999999999966
135.4999999999966
135.69999999999658
135.99999999999656
136.39999999999654
136.69999999999652
136.8999999999965
137.1999999999965
137.49999999999648
137.59999999999647
137.99999999999645
138.49999999999642
139.09999999999638
139.19999999999638
139.49999999999636
139.69999999999635
139.99999999999633
140.09999999999633
140.19999999999632
140.5999999999963
141.19999999999627
141.39999999999625
141.59999999999624
141.69999999999624
141.69999999999624
141.69999999999624
141.69999999999624
141.89999999999623
142.1999999999962
142.4999999999962
143.09999999999616
143.39999999999614
143.59999999999613
143.8999999999961
144.39999999999608
144.49999999999608
144.89999999999606
145.19999999999604
145.39999999999603
145.799999999996
146.099999999996
146.39999999999597
146.69999999999595
146.99999999999594
147.3999999999959
147.89999999999588
148.19999999999587
148.39999999999586
148.69999999999584
148.99999999999582
149.1999999999958
149.4999999999958
149.5999999999958
149.69999999999578
149.89999999999577
149.99999999999577
150.09999999999576
150.29999999999575
150.69999999999573
150.9999999999957
151.1999999999957
151.39999999999569
151.69999999999567
151.89999999999566
152.39999999999563
152.59999999999562
152.8999999999956
152.9999999999956
153.19999999999558
153.29999999999558
153.49999999999557
153.79999999999555
154.39999999999552
154.7999999999955
155.19999999999547
155.59999999999545
155.69999999999544
155.99999999999542
156.2999999999954
156.5999999999954
156.99999999999537
157.19999999999536
157.39999999999534
157.69999999999533
158.0999999999953
158.2999999999953
158.49999999999528
158.69999999999527
158.99999999999525
159.19999999999524
159.29999999999524
159.49999999999523
159.7999999999952
159.8999999999952
160.0999999999952
160.49999999999517
160.69999999999516
160.79999999999515
161.09999999999513
161.6999999999951
161.8999999999951
162.39999999999506
162.89999999999503
163.09999999999502
163.399999999995
163.699999999995
164.09999999999496
164.49999999999494
164.89999999999492
165.2999999999949
165.69999999999487
165.99999999999486
166.09999999999485
166.49999999999483
166.69999999999482
166.8999999999948
166.8999999999948
167.0999999999948
167.1999999999948
167.39999999999478
167.89999999999475
168.19999999999473
168.5999999999947
168.8999999999947
169.09999999999468
169.49999999999466
169.99999999999463
170.19999999999462
170.4999999999946
170.79999999999458
171.19999999999456
171.29999999999455
171.39999999999455
171.49999999999454
171.59999999999454
171.79999999999453
171.99999999999451
172.3999999999945
172.59999999999448
172.69999999999447
172.99999999999446
173.39999999999444
173.49999999999443
173.59999999999442
173.59999999999442
173.59999999999442
173.59999999999442
173.59999999999442
173.69999999999442
173.8999999999944
174.1999999999944
174.29999999999438
174.39999999999438
174.49999999999437
174.59999999999437
174.79999999999436
174.99999999999434
175.19999999999433
175.39999999999432
175.5999999999943
175.8999999999943
176.39999999999426
176.69999999999425
176.79999999999424
0
0.1
0.4
0.7999999999999999
0.9999999999999999
1.2
1.4000000000000001
1.9000000000000006
2.3000000000000007
2.400000000000001
2.400000000000001
2.800000000000001
3.2000000000000015
3.600000000000002
4.000000000000002
4.5
4.799999999999999
5.099999999999998
5.299999999999997
5.4999999999999964
5.699999999999996
6.199999999999994
6.399999999999993
6.499999999999993
6.5999999999999925
6.699999999999992
6.8999999999999915
7.29999999999999
7.899999999999988
8.399999999999986
8.899999999999984
9.099999999999984
9.399999999999983
9.599999999999982
9.799999999999981
9.89999999999998
9.99999999999998
10.19999999999998
10.29999999999998
10.499999999999979
10.699999999999978
10.799999999999978
10.799999999999978
11.099999999999977
11.299999999999976
11.499999999999975
11.899999999999974
11.999999999999973
12.199999999999973
12.299999999999972
12.599999999999971
12.69999999999997
12.89999999999997
13.09999999999997
13.499999999999968
13.699999999999967
13.999999999999966
14.399999999999965
14.599999999999964
14.899999999999963
14.899999999999963
15.099999999999962
15.399999999999961
15.499999999999961
15.499999999999961
15.59999999999996
15.99999999999996
16.19999999999996
16.499999999999964
16.699999999999967
16.79999999999997
16.99999999999997
17.199999999999974
17.299999999999976
17.59999999999998
17.69999999999998
17.899999999999984
17.999999999999986
18.19999999999999
18.39999999999999
19.1
19.1
19.300000000000004
19.60000000000001
20.000000000000014
20.000000000000014
20.200000000000017
20.30000000000002
20.600000000000023
20.700000000000024
21.00000000000003
21.20000000000003
21.300000000000033
21.500000000000036
21.70000000000004
21.90000000000004
22.300000000000047
22.60000000000005
23.000000000000057
23.10000000000006
23.400000000000063
23.600000000000065
23.600000000000065
23.800000000000068
24.00000000000007
24.300000000000075
24.500000000000078
24.70000000000008
24.800000000000082
24.800000000000082
25.000000000000085
25.000000000000085
25.100000000000087
25.200000000000088
25.30000000000009
25.30000000000009
25.30000000000009
25.40000000000009
25.800000000000097
26.1000000000001
26.200000000000102
26.500000000000107
26.900000000000112
27.200000000000117
27.300000000000118
27.50000000000012
27.700000000000124
27.700000000000124
27.900000000000126
28.10000000000013
28.400000000000134
28.600000000000136
28.80000000000014
28.80000000000014
28.90000000000014
29.000000000000142
29.300000000000146
29.60000000000015
29.900000000000155
30.000000000000156
30.30000000000016
30.400000000000162
30.700000000000166
31.200000000000173
31.70000000000018
32.000000000000185
32.30000000000019
32.60000000000019
32.60000000000019
33.1000000000002
33.2000000000002
33.3000000000002
33.500000000000206
34.00000000000021
34.40000000000022
34.60000000000022
34.800000000000225
35.00000000000023
35.40000000000023
35.600000000000236
35.80000000000024
36.00000000000024
36.40000000000025
36.80000000000025
37.10000000000026
37.30000000000026
37.50000000000026
37.700000000000266
37.80000000000027
38.10000000000027
38.60000000000028
38.80000000000028
38.90000000000028
39.20000000000029
39.50000000000029
39.60000000000029
40.0000000000003
40.2000000000003
40.400000000000304
40.90000000000031
41.200000000000315
41.50000000000032
41.70000000000032
41.900000000000325
42.10000000000033
42.30000000000033
42.600000000000335
43.200000000000344
43.50000000000035
43.70000000000035
44.000000000000355
44.40000000000036
45.00000000000037
45.400000000000375
45.70000000000038
45.90000000000038
46.000000000000384
46.30000000000039
46.60000000000039
46.800000000000395
47.2000000000004
47.400000000000404
47.600000000000406
47.600000000000406
47.90000000000041
48.200000000000415
48.50000000000042
48.900000000000425
49.30000000000043
49.600000000000435
49.90000000000044
50.400000000000446
50.80000000000045
50.90000000000045
51.20000000000046
51.50000000000046
51.60000000000046
51.90000000000047
52.10000000000047
52.60000000000048
52.80000000000048
53.00000000000048
53.200000000000486
53.70000000000049
54.1000000000005
54.3000000000005
54.4000000000005
54.4000000000005
54.500000000000504
54.500000000000504
54.600000000000506
54.70000000000051
54.70000000000051
54.90000000000051
54.90000000000051
54.90000000000051
55.10000000000051
55.10000000000051
55.200000000000514
55.200000000000514
55.300000000000516
55.40000000000052
55.60000000000052
55.60000000000052
55.70000000000052
55.900000000000524
56.000000000000526
56.000000000000526
56.000000000000526
56.20000000000053
56.30000000000053
56.30000000000053
56.30000000000053
56.40000000000053
56.50000000000053
56.90000000000054
57.00000000000054
57.20000000000054
57.400000000000546
57.70000000000055
57.90000000000055
58.20000000000056
58.50000000000056
58.700000000000564
58.800000000000566
59.00000000000057
59.10000000000057
59.30000000000057
59.500000000000576
59.70000000000058
60.00000000000058
60.200000000000585
60.40000000000059
60.40000000000059
60.60000000000059
60.70000000000059
60.70000000000059
60.800000000000594
61.0000000000006
61.2000000000006
61.3000000000006
61.70000000000061
62.00000000000061
62.10000000000061
62.300000000000615
62.70000000000062
63.10000000000063
63.50000000000063
63.90000000000064
64.20000000000063
64.6000000000006
64.6000000000006
64.7000000000006
65.00000000000058
65.30000000000057
65.50000000000055
65.80000000000054
65.80000000000054
66.10000000000052
66.5000000000005
67.00000000000047
67.00000000000047
67.10000000000046
67.20000000000046
67.60000000000043
67.80000000000042
68.2000000000004
68.3000000000004
68.40000000000039
68.70000000000037
69.00000000000036
69.20000000000034
69.50000000000033
70.0000000000003
70.30000000000028
70.60000000000026
70.90000000000025
71.00000000000024
71.10000000000024
71.40000000000022
71.40000000000022
71.7000000000002
71.7000000000002
71.7000000000002
72.00000000000018
72.10000000000018
72.40000000000016
72.70000000000014
73.10000000000012
73.20000000000012
73.6000000000001
74.10000000000007
74.40000000000005
74.50000000000004
74.80000000000003
74.90000000000002
75.10000000000001
75.3
75.39999999999999
75.49999999999999
75.69999999999997
75.79999999999997
75.89999999999996
76.09999999999995
76.29999999999994
76.49999999999993
76.9999999999999
77.19999999999989
77.49999999999987
77.69999999999986
77.99999999999984
78.39999999999982
78.6999999999998
78.99999999999979
79.39999999999976
79.69999999999975
79.79999999999974
80.19999999999972
80.4999999999997
80.69999999999969
80.99999999999967
81.09999999999967
81.29999999999966
81.49999999999964
81.79999999999963
81.99999999999962
82.59999999999958
82.79999999999957
83.19999999999955
83.59999999999953
83.79999999999951
84.0999999999995
84.39999999999948
84.69999999999946
85.19999999999943
85.49999999999942
85.8999999999994
86.09999999999938
86.59999999999935
86.89999999999934
87.09999999999933
87.4999999999993
87.69999999999929
87.89999999999928
88.09999999999927
88.39999999999925
88.69999999999924
89.09999999999921
89.2999999999992
89.2999999999992
89.3999999999992
89.59999999999918
89.89999999999917
89.99999999999916
90.09999999999916
90.19999999999915
90.49999999999913
91.0999999999991
91.49999999999908
91.99999999999905
saving _models
92.09999999999904
92.39999999999903
92.69999999999901
92.799999999999
92.99999999999899
93.29999999999897
93.29999999999897
93.49999999999896
93.69999999999895
94.19999999999892
94.4999999999989
94.89999999999888
95.29999999999886
95.99999999999882
96.3999999999988
96.79999999999878
97.49999999999874
97.89999999999871
98.39999999999868
98.69999999999867
98.89999999999866
99.19999999999864
99.19999999999864
99.29999999999863
99.7999999999986
100.19999999999858
100.69999999999855
100.79999999999855
101.19999999999852
101.49999999999851
101.89999999999849
102.09999999999847
102.09999999999847
102.49999999999845
102.59999999999845
102.79999999999843
102.99999999999842
103.2999999999984
103.3999999999984
103.4999999999984
103.4999999999984
103.79999999999838
103.99999999999837
104.19999999999835
104.59999999999833
105.1999999999983
105.39999999999829
105.59999999999827
105.89999999999826
106.09999999999825
106.29999999999824
106.69999999999821
106.7999999999982
106.9999999999982
107.09999999999819
107.39999999999817
107.79999999999815
107.99999999999814
108.09999999999813
108.39999999999812
108.7999999999981
109.19999999999807
109.59999999999805
109.79999999999804
109.89999999999803
109.99999999999802
110.19999999999801
110.29999999999801
110.59999999999799
110.89999999999797
111.29999999999795
111.39999999999795
111.79999999999792
111.99999999999791
111.99999999999791
112.0999999999979
112.0999999999979
112.0999999999979
112.0999999999979
112.0999999999979
112.0999999999979
112.2999999999979
112.39999999999789
112.49999999999788
112.69999999999787
112.89999999999786
113.09999999999785
113.29999999999784
113.29999999999784
113.29999999999784
113.29999999999784
113.29999999999784
113.29999999999784
113.29999999999784
113.29999999999784
113.39999999999783
Coop+shot
113.49999999999783
113.79999999999781
113.8999999999978
113.8999999999978
114.29999999999778
114.59999999999776
114.79999999999775
115.09999999999773
115.29999999999772
115.5999999999977
115.7999999999977
116.09999999999768
116.29999999999767
116.49999999999766
116.89999999999763
117.19999999999762
117.59999999999759
117.99999999999757
118.19999999999756
118.29999999999755
118.59999999999754
118.89999999999752
119.09999999999751
119.39999999999749
119.49999999999748
119.69999999999747
119.79999999999747
119.99999999999746
120.29999999999744
120.69999999999742
120.9999999999974
120.9999999999974
121.0999999999974
121.19999999999739
121.29999999999738
121.49999999999737
121.59999999999737
121.89999999999735
121.99999999999734
121.99999999999734
121.99999999999734
122.09999999999734
122.59999999999731
122.6999999999973
122.7999999999973
122.7999999999973
122.89999999999729
123.09999999999728
123.49999999999726
123.89999999999723
123.99999999999723
124.19999999999722
124.3999999999972
124.3999999999972
124.4999999999972
124.5999999999972
124.69999999999719
124.69999999999719
124.79999999999718
124.89999999999718
124.89999999999718
124.99999999999717
125.19999999999716
125.49999999999714
125.79999999999713
125.79999999999713
125.99999999999712
126.09999999999711
126.09999999999711
126.1999999999971
126.1999999999971
126.1999999999971
126.49999999999709
126.59999999999708
126.59999999999708
126.69999999999708
126.69999999999708
126.79999999999707
127.29999999999704
127.39999999999704
127.59999999999702
128.099999999997
128.499999999997
128.69999999999698
128.89999999999696
129.19999999999695
129.49999999999693
129.8999999999969
130.29999999999688
130.49999999999687
130.69999999999686
130.99999999999685
131.39999999999682
131.6999999999968
131.8999999999968
132.19999999999678
132.49999999999676
132.89999999999674
133.09999999999673
133.4999999999967
133.7999999999967
134.09999999999667
134.59999999999664
135.0999999999966
135.4999999999966
135.69999999999658
135.99999999999656
136.29999999999654
136.49999999999653
136.79999999999652
137.1999999999965
137.49999999999648
138.09999999999644
138.29999999999643
138.6999999999964
139.19999999999638
139.49999999999636
139.79999999999634
139.89999999999634
140.29999999999632
140.6999999999963
140.99999999999628
141.29999999999626
141.59999999999624
141.79999999999623
141.89999999999623
141.89999999999623
141.89999999999623
142.09999999999621
142.1999999999962
142.1999999999962
142.3999999999962
142.5999999999962
142.5999999999962
142.5999999999962
142.69999999999618
142.99999999999616
142.99999999999616
143.19999999999615
143.29999999999615
143.59999999999613
143.79999999999612
143.9999999999961
143.9999999999961
144.0999999999961
144.2999999999961
144.39999999999608
144.59999999999607
144.59999999999607
144.59999999999607
144.69999999999607
144.79999999999606
144.99999999999605
145.19999999999604
145.49999999999602
145.49999999999602
145.799999999996
146.29999999999598
146.59999999999596
147.09999999999593
147.19999999999592
147.29999999999592
147.29999999999592
147.89999999999588
148.09999999999587
148.29999999999586
148.49999999999585
148.59999999999584
148.79999999999583
148.89999999999583
149.09999999999582
149.2999999999958
149.5999999999958
149.89999999999577
150.09999999999576
150.29999999999575
150.69999999999573
151.0999999999957
151.39999999999569
151.69999999999567
151.89999999999566
152.19999999999564
152.49999999999562
152.7999999999956
153.19999999999558
153.29999999999558
153.49999999999557
153.69999999999555
153.99999999999554
154.19999999999553
154.5999999999955
154.99999999999548
155.19999999999547
155.39999999999546
155.59999999999545
155.89999999999543
156.3999999999954
156.4999999999954
156.69999999999538
156.99999999999537
157.39999999999534
157.9999999999953
158.2999999999953
158.69999999999527
159.19999999999524
159.6999999999952
159.7999999999952
159.8999999999952
159.8999999999952
160.19999999999519
160.59999999999516
160.79999999999515
160.99999999999514
161.29999999999512
161.6999999999951
161.7999999999951
162.09999999999508
162.29999999999507
162.39999999999506
162.69999999999504
163.19999999999501
163.79999999999498
163.99999999999497
164.29999999999495
164.39999999999495
164.69999999999493
165.1999999999949
165.49999999999488
165.79999999999487
166.19999999999484
166.39999999999483
166.7999999999948
166.7999999999948
166.9999999999948
167.0999999999948
167.49999999999477
167.69999999999476
167.89999999999475
168.09999999999474
168.39999999999472
168.7999999999947
169.09999999999468
169.69999999999465
169.89999999999463
170.2999999999946
170.5999999999946
171.19999999999456
171.39999999999455
171.89999999999452
172.0999999999945
172.4999999999945
172.59999999999448
172.89999999999446
173.09999999999445
173.29999999999444
173.59999999999442
173.69999999999442
173.69999999999442
173.8999999999944
174.0999999999944
174.1999999999944
174.39999999999438
174.39999999999438
174.39999999999438
174.49999999999437
174.69999999999436
174.79999999999436
175.19999999999433
175.29999999999433
175.49999999999432
175.5999999999943
175.7999999999943
176.09999999999428
176.59999999999425
176.89999999999424
177.19999999999422
177.3999999999942
177.79999999999418
177.89999999999418
178.29999999999416
178.59999999999414
178.69999999999413
178.79999999999413
179.1999999999941
179.59999999999408
179.79999999999407
180.09999999999405
180.09999999999405
180.29999999999404
180.29999999999404
180.59999999999403
180.69999999999402
180.899999999994
180.899999999994
180.899999999994
180.999999999994
180.999999999994
181.49999999999397
181.69999999999396
181.99999999999395
182.29999999999393
182.49999999999392
182.6999999999939
182.9999999999939
183.29999999999387
183.79999999999384
183.99999999999383
184.19999999999382
184.4999999999938
184.89999999999378
185.09999999999377
185.49999999999375
185.89999999999372
186.1999999999937
186.4999999999937
186.99999999999366
187.09999999999366
187.29999999999364
187.69999999999362
188.1999999999936
188.49999999999358
188.79999999999356
189.09999999999354
189.39999999999353
189.5999999999935
189.5999999999935
189.9999999999935
190.49999999999346
0
0
0.1
0.2
0.7
1.0999999999999999
1.6000000000000003
1.6000000000000003
1.8000000000000005
2.1000000000000005
2.400000000000001
2.600000000000001
3.0000000000000013
3.4000000000000017
3.800000000000002
4.200000000000001
4.4
4.899999999999999
5.1999999999999975
5.399999999999997
5.599999999999996
5.999999999999995
6.299999999999994
6.399999999999993
6.399999999999993
6.799999999999992
7.099999999999991
7.499999999999989
7.699999999999989
7.999999999999988
8.399999999999986
8.899999999999984
8.999999999999984
9.199999999999983
9.599999999999982
9.799999999999981
10.19999999999998
10.29999999999998
10.499999999999979
10.699999999999978
10.999999999999977
11.399999999999975
11.799999999999974
11.999999999999973
12.099999999999973
12.399999999999972
12.69999999999997
12.89999999999997
13.09999999999997
13.399999999999968
13.699999999999967
13.899999999999967
13.999999999999966
14.299999999999965
14.499999999999964
14.599999999999964
14.899999999999963
15.399999999999961
15.89999999999996
15.99999999999996
16.399999999999963
16.399999999999963
16.599999999999966
16.89999999999997
17.099999999999973
17.299999999999976
Traceback (most recent call last):
  File "c:\Programming\rl_cooperation\Pygame_RL_cooperation\Algorithm\DQN_SpaceCannons\agent.PY", line 202, in main
    observation, reward, done, info = env.step([action1,action2])
  File "c:\Programming\rl_cooperation\Pygame_RL_cooperation\Algorithm\DQN_SpaceCannons\utils.py", line 27, in step
    image, reward, done,  info = self.env.step(action)
  File "c:\programming\rl_cooperation\pygame_rl_cooperation\spacecannons\SpaceCannons\envs\SpaceCannons.py", line 330, in step
    self.render(self.difficulty_weights)
  File "c:\programming\rl_cooperation\pygame_rl_cooperation\spacecannons\SpaceCannons\envs\SpaceCannons.py", line 341, in render
    self.bg_group.draw(self.screen)
  File "C:\Programming\rl_cooperation\lib\site-packages\pygame\sprite.py", line 546, in draw
    surface.blits((spr.image, spr.rect) for spr in sprites)
  File "C:\Programming\rl_cooperation\lib\site-packages\pygame\sprite.py", line 546, in <genexpr>
    surface.blits((spr.image, spr.rect) for spr in sprites)
  File "_pydevd_bundle/pydevd_cython.pyx", line 1363, in _pydevd_bundle.pydevd_cython.SafeCallWrapper.__call__
  File "_pydevd_bundle/pydevd_cython.pyx", line 1664, in _pydevd_bundle.pydevd_cython.ThreadTracer.__call__
  File "c:\Users\Shizu\.vscode\extensions\ms-python.python-2021.9.1191016588\pythonFiles\lib\python\debugpy\_vendored\pydevd\_pydev_bundle\pydev_is_thread_alive.py", line 9, in is_thread_alive
    def is_thread_alive(t):
KeyboardInterrupt
During handling of the above exception, another exception occurred:
Traceback (most recent call last):
  File "C:\Users\Shizu\AppData\Local\Programs\Python\Python39\lib\runpy.py", line 197, in _run_module_as_main
    return _run_code(code, main_globals, None,
  File "C:\Users\Shizu\AppData\Local\Programs\Python\Python39\lib\runpy.py", line 87, in _run_code
    exec(code, run_globals)
  File "c:\Users\Shizu\.vscode\extensions\ms-python.python-2021.9.1191016588\pythonFiles\lib\python\debugpy\__main__.py", line 45, in <module>
    cli.main()
  File "c:\Users\Shizu\.vscode\extensions\ms-python.python-2021.9.1191016588\pythonFiles\lib\python\debugpy/..\debugpy\server\cli.py", line 444, in main
    run()
  File "c:\Users\Shizu\.vscode\extensions\ms-python.python-2021.9.1191016588\pythonFiles\lib\python\debugpy/..\debugpy\server\cli.py", line 285, in run_file
    runpy.run_path(target_as_str, run_name=compat.force_str("__main__"))
  File "C:\Users\Shizu\AppData\Local\Programs\Python\Python39\lib\runpy.py", line 268, in run_path
    return _run_module_code(code, init_globals, run_name,
  File "C:\Users\Shizu\AppData\Local\Programs\Python\Python39\lib\runpy.py", line 97, in _run_module_code
    _run_code(code, mod_globals, init_globals,
  File "C:\Users\Shizu\AppData\Local\Programs\Python\Python39\lib\runpy.py", line 87, in _run_code
    exec(code, run_globals)
  File "c:\Programming\rl_cooperation\Pygame_RL_cooperation\Algorithm\DQN_SpaceCannons\agent.PY", line 315, in <module>
    main(False)
  File "c:\Programming\rl_cooperation\Pygame_RL_cooperation\Algorithm\DQN_SpaceCannons\agent.PY", line 202, in main
    observation, reward, done, info = env.step([action1,action2])
AttributeError: 'FramestackingENV' object has no attribute 'close'