pygame 2.0.1 (SDL 2.0.14, Python 3.9.5)
Hello from the pygame community. https://www.pygame.org/contribute.html
initial setup complete
initial setup complete
















































2290it [01:36, 23.35it/s]


















3148it [02:12, 23.92it/s]


3244it [02:16, 23.64it/s]







3577it [02:30, 23.58it/s]




























































































7825it [05:34, 22.53it/s]















































































































12917it [09:16, 23.45it/s]

























14072it [10:06, 23.14it/s]
















































































17756it [12:46, 23.05it/s]









































19646it [14:09, 23.09it/s]






























21029it [15:09, 23.25it/s]




























































23780it [17:09, 23.37it/s]







24125it [17:24, 22.86it/s]Traceback (most recent call last):
  File "c:\Programming\rl_cooperation\DQN_SpaceCannons\agent.PY", line 210, in main
    observation, reward, done, info = env.step([action1,action2])
  File "c:\Programming\rl_cooperation\DQN_SpaceCannons\utils.py", line 27, in step
    image, reward, done,  info = self.env.step(action)
  File "c:\programming\rl_cooperation\pygame_rl_cooperation_v2\space_cannons\Space_cannons\envs\custom_env.py", line 320, in step
    self.render(self.game_level)
  File "c:\programming\rl_cooperation\pygame_rl_cooperation_v2\space_cannons\Space_cannons\envs\custom_env.py", line 344, in render
    clock.tick(30)
KeyboardInterrupt
During handling of the above exception, another exception occurred:
Traceback (most recent call last):
  File "c:\Programming\rl_cooperation\DQN_SpaceCannons\agent.PY", line 311, in <module>
    main(False)
  File "c:\Programming\rl_cooperation\DQN_SpaceCannons\agent.PY", line 308, in main
    env.close()
AttributeError: 'FramestackingENV' object has no attribute 'close'