






































































































































































































































































































































































































































































































































































































































































































































































































































































































































































































































































































































































































































































































































































































































































































































































































































































































































































































































































































































































































































































































































































































































































































































































































































































































































































































































































































































































































































































































































































































































































































































































































































































































































































































































































































































































































































































































































































































































































































































































































































































































































































































































































































































































































































































































































































































































































1077929it [14:16:01, 115.51it/s]Traceback (most recent call last):
  File "c:\Programming\rl_cooperation\DQN_breakout\agent.PY", line 178, in main
    observation, reward, done, info = env.step(action)
  File "c:\Programming\rl_cooperation\DQN_breakout\utils.py", line 27, in step
    image, reward, done,  info = self.env.step(action)
  File "C:\Programming\rl_cooperation\lib\site-packages\gym\wrappers\time_limit.py", line 16, in step
    observation, reward, done, info = self.env.step(action)
  File "C:\Programming\rl_cooperation\lib\site-packages\gym\envs\atari\atari_env.py", line 120, in step
    reward += self.ale.act(action)
  File "C:\Programming\rl_cooperation\lib\site-packages\atari_py\ale_python_interface.py", line 152, in act
    return ale_lib.act(self.obj, int(action))
KeyboardInterrupt
During handling of the above exception, another exception occurred:
Traceback (most recent call last):
  File "c:\Programming\rl_cooperation\DQN_breakout\agent.PY", line 243, in <module>
    main(False)
  File "c:\Programming\rl_cooperation\DQN_breakout\agent.PY", line 240, in main
    env.close()
AttributeError: 'FramestackingENV' object has no attribute 'close'