pygame 2.0.1 (SDL 2.0.14, Python 3.9.7)
Hello from the pygame community. https://www.pygame.org/contribute.html
initial setup complete
initial setup complete

64it [00:02, 24.04it/s]Traceback (most recent call last):
  File "c:\Programming\rl_cooperation\Pygame_RL_cooperation\Algorithm\DQN_SpaceCannons\agent.PY", line 208, in main
    observation, reward, done, info = env.step([action1,action2])
  File "c:\Programming\rl_cooperation\Pygame_RL_cooperation\Algorithm\DQN_SpaceCannons\utils.py", line 27, in step
    image, reward, done,  info = self.env.step(action)
  File "c:\programming\rl_cooperation\pygame_rl_cooperation\spacecannons\SpaceCannons\envs\SpaceCannons.py", line 319, in step
    self.render(self.game_level)
  File "c:\programming\rl_cooperation\pygame_rl_cooperation\spacecannons\SpaceCannons\envs\SpaceCannons.py", line 331, in render
    self.sprit_group.update(self.screen)
  File "C:\Programming\rl_cooperation\lib\site-packages\pygame\sprite.py", line 531, in update
    sprite.update(*args, **kwargs)
  File "c:\programming\rl_cooperation\pygame_rl_cooperation\spacecannons\SpaceCannons\envs\Game\players.py", line 48, in update
    imagex = pygame.transform.rotozoom(self.image, self.angle,1)
KeyboardInterrupt
During handling of the above exception, another exception occurred:
Traceback (most recent call last):
  File "c:\Programming\rl_cooperation\Pygame_RL_cooperation\Algorithm\DQN_SpaceCannons\agent.PY", line 310, in <module>
    main(False)
  File "c:\Programming\rl_cooperation\Pygame_RL_cooperation\Algorithm\DQN_SpaceCannons\agent.PY", line 304, in main
    env.close()
AttributeError: 'FramestackingENV' object has no attribute 'close'